The system is: Darwin - 13.2.0 - i386
Compiling the C compiler identification source file "CMakeCCompilerId.c" succeeded.
Compiler: /usr/bin/cc 
Build flags: 
Id flags: 

The output was:
0


Compilation of the C compiler identification source "CMakeCCompilerId.c" produced "a.out"

The C compiler identification is Clang, found in "/Users/paulfrandsen/XCODE_PROJECTS/DAAD_project/mlpack-1.0.8/src/mlpack/methods/kmeans/CMakeFiles/2.8.10.2/CompilerIdC/a.out"

Compiling the CXX compiler identification source file "CMakeCXXCompilerId.cpp" succeeded.
Compiler: /usr/bin/c++ 
Build flags: 
Id flags: 

The output was:
0


Compilation of the CXX compiler identification source "CMakeCXXCompilerId.cpp" produced "a.out"

The CXX compiler identification is Clang, found in "/Users/paulfrandsen/XCODE_PROJECTS/DAAD_project/mlpack-1.0.8/src/mlpack/methods/kmeans/CMakeFiles/2.8.10.2/CompilerIdCXX/a.out"

Determining if the C compiler works passed with the following output:
Change Dir: /Users/paulfrandsen/XCODE_PROJECTS/DAAD_project/mlpack-1.0.8/src/mlpack/methods/kmeans/CMakeFiles/CMakeTmp

Run Build Command:/usr/bin/make "cmTryCompileExec3079708502/fast"
/Library/Developer/CommandLineTools/usr/bin/make -f CMakeFiles/cmTryCompileExec3079708502.dir/build.make CMakeFiles/cmTryCompileExec3079708502.dir/build
"/Applications/CMake 2.8-10.app/Contents/bin/cmake" -E cmake_progress_report /Users/paulfrandsen/XCODE_PROJECTS/DAAD_project/mlpack-1.0.8/src/mlpack/methods/kmeans/CMakeFiles/CMakeTmp/CMakeFiles 1
Building C object CMakeFiles/cmTryCompileExec3079708502.dir/testCCompiler.c.o
/usr/bin/cc    -o CMakeFiles/cmTryCompileExec3079708502.dir/testCCompiler.c.o   -c /Users/paulfrandsen/XCODE_PROJECTS/DAAD_project/mlpack-1.0.8/src/mlpack/methods/kmeans/CMakeFiles/CMakeTmp/testCCompiler.c
Linking C executable cmTryCompileExec3079708502
"/Applications/CMake 2.8-10.app/Contents/bin/cmake" -E cmake_link_script CMakeFiles/cmTryCompileExec3079708502.dir/link.txt --verbose=1
/usr/bin/cc      -Wl,-search_paths_first -Wl,-headerpad_max_install_names   CMakeFiles/cmTryCompileExec3079708502.dir/testCCompiler.c.o  -o cmTryCompileExec3079708502  


Detecting C compiler ABI info compiled with the following output:
Change Dir: /Users/paulfrandsen/XCODE_PROJECTS/DAAD_project/mlpack-1.0.8/src/mlpack/methods/kmeans/CMakeFiles/CMakeTmp

Run Build Command:/usr/bin/make "cmTryCompileExec3530497222/fast"
/Library/Developer/CommandLineTools/usr/bin/make -f CMakeFiles/cmTryCompileExec3530497222.dir/build.make CMakeFiles/cmTryCompileExec3530497222.dir/build
"/Applications/CMake 2.8-10.app/Contents/bin/cmake" -E cmake_progress_report /Users/paulfrandsen/XCODE_PROJECTS/DAAD_project/mlpack-1.0.8/src/mlpack/methods/kmeans/CMakeFiles/CMakeTmp/CMakeFiles 1
Building C object CMakeFiles/cmTryCompileExec3530497222.dir/CMakeCCompilerABI.c.o
/usr/bin/cc    -o CMakeFiles/cmTryCompileExec3530497222.dir/CMakeCCompilerABI.c.o   -c "/Applications/CMake 2.8-10.app/Contents/share/cmake-2.8/Modules/CMakeCCompilerABI.c"
Linking C executable cmTryCompileExec3530497222
"/Applications/CMake 2.8-10.app/Contents/bin/cmake" -E cmake_link_script CMakeFiles/cmTryCompileExec3530497222.dir/link.txt --verbose=1
/usr/bin/cc      -Wl,-search_paths_first -Wl,-headerpad_max_install_names -v CMakeFiles/cmTryCompileExec3530497222.dir/CMakeCCompilerABI.c.o  -o cmTryCompileExec3530497222   
Apple LLVM version 5.1 (clang-503.0.40) (based on LLVM 3.4svn)
Target: x86_64-apple-darwin13.2.0
Thread model: posix
 "/Library/Developer/CommandLineTools/usr/bin/ld" -demangle -dynamic -arch x86_64 -macosx_version_min 10.9.0 -o cmTryCompileExec3530497222 -search_paths_first -headerpad_max_install_names CMakeFiles/cmTryCompileExec3530497222.dir/CMakeCCompilerABI.c.o -lSystem /Library/Developer/CommandLineTools/usr/bin/../lib/clang/5.1/lib/darwin/libclang_rt.osx.a


Parsed C implicit link information from above output:
  link line regex: [^( *|.*[/\])(ld|ld|collect2)[^/\]*( |$)]
  ignore line: [Change Dir: /Users/paulfrandsen/XCODE_PROJECTS/DAAD_project/mlpack-1.0.8/src/mlpack/methods/kmeans/CMakeFiles/CMakeTmp]
  ignore line: []
  ignore line: [Run Build Command:/usr/bin/make "cmTryCompileExec3530497222/fast"]
  ignore line: [/Library/Developer/CommandLineTools/usr/bin/make -f CMakeFiles/cmTryCompileExec3530497222.dir/build.make CMakeFiles/cmTryCompileExec3530497222.dir/build]
  ignore line: ["/Applications/CMake 2.8-10.app/Contents/bin/cmake" -E cmake_progress_report /Users/paulfrandsen/XCODE_PROJECTS/DAAD_project/mlpack-1.0.8/src/mlpack/methods/kmeans/CMakeFiles/CMakeTmp/CMakeFiles 1]
  ignore line: [Building C object CMakeFiles/cmTryCompileExec3530497222.dir/CMakeCCompilerABI.c.o]
  ignore line: [/usr/bin/cc    -o CMakeFiles/cmTryCompileExec3530497222.dir/CMakeCCompilerABI.c.o   -c "/Applications/CMake 2.8-10.app/Contents/share/cmake-2.8/Modules/CMakeCCompilerABI.c"]
  ignore line: [Linking C executable cmTryCompileExec3530497222]
  ignore line: ["/Applications/CMake 2.8-10.app/Contents/bin/cmake" -E cmake_link_script CMakeFiles/cmTryCompileExec3530497222.dir/link.txt --verbose=1]
  ignore line: [/usr/bin/cc      -Wl,-search_paths_first -Wl,-headerpad_max_install_names -v CMakeFiles/cmTryCompileExec3530497222.dir/CMakeCCompilerABI.c.o  -o cmTryCompileExec3530497222   ]
  ignore line: [Apple LLVM version 5.1 (clang-503.0.40) (based on LLVM 3.4svn)]
  ignore line: [Target: x86_64-apple-darwin13.2.0]
  ignore line: [Thread model: posix]
  link line: [ "/Library/Developer/CommandLineTools/usr/bin/ld" -demangle -dynamic -arch x86_64 -macosx_version_min 10.9.0 -o cmTryCompileExec3530497222 -search_paths_first -headerpad_max_install_names CMakeFiles/cmTryCompileExec3530497222.dir/CMakeCCompilerABI.c.o -lSystem /Library/Developer/CommandLineTools/usr/bin/../lib/clang/5.1/lib/darwin/libclang_rt.osx.a]
    arg [/Library/Developer/CommandLineTools/usr/bin/ld] ==> ignore
    arg [-demangle] ==> ignore
    arg [-dynamic] ==> ignore
    arg [-arch] ==> ignore
    arg [x86_64] ==> ignore
    arg [-macosx_version_min] ==> ignore
    arg [10.9.0] ==> ignore
    arg [-o] ==> ignore
    arg [cmTryCompileExec3530497222] ==> ignore
    arg [-search_paths_first] ==> ignore
    arg [-headerpad_max_install_names] ==> ignore
    arg [CMakeFiles/cmTryCompileExec3530497222.dir/CMakeCCompilerABI.c.o] ==> ignore
    arg [-lSystem] ==> lib [System]
    arg [/Library/Developer/CommandLineTools/usr/bin/../lib/clang/5.1/lib/darwin/libclang_rt.osx.a] ==> lib [/Library/Developer/CommandLineTools/usr/bin/../lib/clang/5.1/lib/darwin/libclang_rt.osx.a]
  remove lib [System]
  implicit libs: [/Library/Developer/CommandLineTools/usr/bin/../lib/clang/5.1/lib/darwin/libclang_rt.osx.a]
  implicit dirs: []


Determining if the CXX compiler works passed with the following output:
Change Dir: /Users/paulfrandsen/XCODE_PROJECTS/DAAD_project/mlpack-1.0.8/src/mlpack/methods/kmeans/CMakeFiles/CMakeTmp

Run Build Command:/usr/bin/make "cmTryCompileExec3859835872/fast"
/Library/Developer/CommandLineTools/usr/bin/make -f CMakeFiles/cmTryCompileExec3859835872.dir/build.make CMakeFiles/cmTryCompileExec3859835872.dir/build
"/Applications/CMake 2.8-10.app/Contents/bin/cmake" -E cmake_progress_report /Users/paulfrandsen/XCODE_PROJECTS/DAAD_project/mlpack-1.0.8/src/mlpack/methods/kmeans/CMakeFiles/CMakeTmp/CMakeFiles 1
Building CXX object CMakeFiles/cmTryCompileExec3859835872.dir/testCXXCompiler.cxx.o
/usr/bin/c++     -o CMakeFiles/cmTryCompileExec3859835872.dir/testCXXCompiler.cxx.o -c /Users/paulfrandsen/XCODE_PROJECTS/DAAD_project/mlpack-1.0.8/src/mlpack/methods/kmeans/CMakeFiles/CMakeTmp/testCXXCompiler.cxx
Linking CXX executable cmTryCompileExec3859835872
"/Applications/CMake 2.8-10.app/Contents/bin/cmake" -E cmake_link_script CMakeFiles/cmTryCompileExec3859835872.dir/link.txt --verbose=1
/usr/bin/c++       -Wl,-search_paths_first -Wl,-headerpad_max_install_names   CMakeFiles/cmTryCompileExec3859835872.dir/testCXXCompiler.cxx.o  -o cmTryCompileExec3859835872  


Detecting CXX compiler ABI info compiled with the following output:
Change Dir: /Users/paulfrandsen/XCODE_PROJECTS/DAAD_project/mlpack-1.0.8/src/mlpack/methods/kmeans/CMakeFiles/CMakeTmp

Run Build Command:/usr/bin/make "cmTryCompileExec174248776/fast"
/Library/Developer/CommandLineTools/usr/bin/make -f CMakeFiles/cmTryCompileExec174248776.dir/build.make CMakeFiles/cmTryCompileExec174248776.dir/build
"/Applications/CMake 2.8-10.app/Contents/bin/cmake" -E cmake_progress_report /Users/paulfrandsen/XCODE_PROJECTS/DAAD_project/mlpack-1.0.8/src/mlpack/methods/kmeans/CMakeFiles/CMakeTmp/CMakeFiles 1
Building CXX object CMakeFiles/cmTryCompileExec174248776.dir/CMakeCXXCompilerABI.cpp.o
/usr/bin/c++     -o CMakeFiles/cmTryCompileExec174248776.dir/CMakeCXXCompilerABI.cpp.o -c "/Applications/CMake 2.8-10.app/Contents/share/cmake-2.8/Modules/CMakeCXXCompilerABI.cpp"
Linking CXX executable cmTryCompileExec174248776
"/Applications/CMake 2.8-10.app/Contents/bin/cmake" -E cmake_link_script CMakeFiles/cmTryCompileExec174248776.dir/link.txt --verbose=1
/usr/bin/c++       -Wl,-search_paths_first -Wl,-headerpad_max_install_names -v CMakeFiles/cmTryCompileExec174248776.dir/CMakeCXXCompilerABI.cpp.o  -o cmTryCompileExec174248776   
Apple LLVM version 5.1 (clang-503.0.40) (based on LLVM 3.4svn)
Target: x86_64-apple-darwin13.2.0
Thread model: posix
 "/Library/Developer/CommandLineTools/usr/bin/ld" -demangle -dynamic -arch x86_64 -macosx_version_min 10.9.0 -o cmTryCompileExec174248776 -search_paths_first -headerpad_max_install_names CMakeFiles/cmTryCompileExec174248776.dir/CMakeCXXCompilerABI.cpp.o -lc++ -lSystem /Library/Developer/CommandLineTools/usr/bin/../lib/clang/5.1/lib/darwin/libclang_rt.osx.a


Parsed CXX implicit link information from above output:
  link line regex: [^( *|.*[/\])(ld|ld|collect2)[^/\]*( |$)]
  ignore line: [Change Dir: /Users/paulfrandsen/XCODE_PROJECTS/DAAD_project/mlpack-1.0.8/src/mlpack/methods/kmeans/CMakeFiles/CMakeTmp]
  ignore line: []
  ignore line: [Run Build Command:/usr/bin/make "cmTryCompileExec174248776/fast"]
  ignore line: [/Library/Developer/CommandLineTools/usr/bin/make -f CMakeFiles/cmTryCompileExec174248776.dir/build.make CMakeFiles/cmTryCompileExec174248776.dir/build]
  ignore line: ["/Applications/CMake 2.8-10.app/Contents/bin/cmake" -E cmake_progress_report /Users/paulfrandsen/XCODE_PROJECTS/DAAD_project/mlpack-1.0.8/src/mlpack/methods/kmeans/CMakeFiles/CMakeTmp/CMakeFiles 1]
  ignore line: [Building CXX object CMakeFiles/cmTryCompileExec174248776.dir/CMakeCXXCompilerABI.cpp.o]
  ignore line: [/usr/bin/c++     -o CMakeFiles/cmTryCompileExec174248776.dir/CMakeCXXCompilerABI.cpp.o -c "/Applications/CMake 2.8-10.app/Contents/share/cmake-2.8/Modules/CMakeCXXCompilerABI.cpp"]
  ignore line: [Linking CXX executable cmTryCompileExec174248776]
  ignore line: ["/Applications/CMake 2.8-10.app/Contents/bin/cmake" -E cmake_link_script CMakeFiles/cmTryCompileExec174248776.dir/link.txt --verbose=1]
  ignore line: [/usr/bin/c++       -Wl,-search_paths_first -Wl,-headerpad_max_install_names -v CMakeFiles/cmTryCompileExec174248776.dir/CMakeCXXCompilerABI.cpp.o  -o cmTryCompileExec174248776   ]
  ignore line: [Apple LLVM version 5.1 (clang-503.0.40) (based on LLVM 3.4svn)]
  ignore line: [Target: x86_64-apple-darwin13.2.0]
  ignore line: [Thread model: posix]
  link line: [ "/Library/Developer/CommandLineTools/usr/bin/ld" -demangle -dynamic -arch x86_64 -macosx_version_min 10.9.0 -o cmTryCompileExec174248776 -search_paths_first -headerpad_max_install_names CMakeFiles/cmTryCompileExec174248776.dir/CMakeCXXCompilerABI.cpp.o -lc++ -lSystem /Library/Developer/CommandLineTools/usr/bin/../lib/clang/5.1/lib/darwin/libclang_rt.osx.a]
    arg [/Library/Developer/CommandLineTools/usr/bin/ld] ==> ignore
    arg [-demangle] ==> ignore
    arg [-dynamic] ==> ignore
    arg [-arch] ==> ignore
    arg [x86_64] ==> ignore
    arg [-macosx_version_min] ==> ignore
    arg [10.9.0] ==> ignore
    arg [-o] ==> ignore
    arg [cmTryCompileExec174248776] ==> ignore
    arg [-search_paths_first] ==> ignore
    arg [-headerpad_max_install_names] ==> ignore
    arg [CMakeFiles/cmTryCompileExec174248776.dir/CMakeCXXCompilerABI.cpp.o] ==> ignore
    arg [-lc++] ==> lib [c++]
    arg [-lSystem] ==> lib [System]
    arg [/Library/Developer/CommandLineTools/usr/bin/../lib/clang/5.1/lib/darwin/libclang_rt.osx.a] ==> lib [/Library/Developer/CommandLineTools/usr/bin/../lib/clang/5.1/lib/darwin/libclang_rt.osx.a]
  remove lib [System]
  implicit libs: [c++;/Library/Developer/CommandLineTools/usr/bin/../lib/clang/5.1/lib/darwin/libclang_rt.osx.a]
  implicit dirs: []


